<?xml version="1.0" encoding="UTF-8"?>
<testsuite xmlns:xsi="http://www.w3.org/2001/XMLSchema-instance" xsi:noNamespaceSchemaLocation="https://maven.apache.org/surefire/maven-surefire-plugin/xsd/surefire-test-report.xsd" name="TestAll.TestPlaneService" time="0.919" tests="1" errors="1" skipped="0" failures="0">
  <properties>
[...]
</properties>
  <testcase name="testGetTotalSeatByID" classname="TestAll.TestPlaneService" time="0.078">
    <error message="Before start of result set" type="java.sql.SQLException">java.sql.SQLException: Before start of result set
	at com.mycompany.flyintothesky/TestAll.TestPlaneService.testGetTotalSeatByID(TestPlaneService.java:49)
</error>
  </testcase>
</testsuite>