-------------------------------------------------------------------------------
Test set: TestAll.TestCustomerService
-------------------------------------------------------------------------------
Tests run: 6, Failures: 0, Errors: 1, Skipped: 0, Time elapsed: 2.07 s <<< FAILURE! - in TestAll.TestCustomerService
testGetCusPhoneById  Time elapsed: 0.523 s  <<< ERROR!
java.lang.NullPointerException: Cannot invoke "String.contains(java.lang.CharSequence)" because the return value of "com.mycompany.services.CustomerService.getCusPhoneById(int)" is null
	at com.mycompany.flyintothesky/TestAll.TestCustomerService.testGetCusPhoneById(TestCustomerService.java:94)

